\BOOKMARK [0][-]{chapter.1}{\376\377\000C\000l\000a\000s\000s\000\040\000I\000n\000d\000e\000x}{}
\BOOKMARK [1][-]{section.1.1}{\376\377\000C\000l\000a\000s\000s\000\040\000H\000i\000e\000r\000a\000r\000c\000h\000y}{chapter.1}
\BOOKMARK [0][-]{chapter.2}{\376\377\000C\000l\000a\000s\000s\000\040\000I\000n\000d\000e\000x}{}
\BOOKMARK [1][-]{section.2.1}{\376\377\000C\000l\000a\000s\000s\000\040\000L\000i\000s\000t}{chapter.2}
\BOOKMARK [0][-]{chapter.3}{\376\377\000C\000l\000a\000s\000s\000\040\000D\000o\000c\000u\000m\000e\000n\000t\000a\000t\000i\000o\000n}{}
\BOOKMARK [1][-]{section.3.1}{\376\377\000A\000r\000r\000a\000y\000\040\000C\000l\000a\000s\000s\000\040\000R\000e\000f\000e\000r\000e\000n\000c\000e}{chapter.3}
\BOOKMARK [1][-]{section.3.2}{\376\377\000O\000b\000j\000e\000c\000t\000\040\000C\000l\000a\000s\000s\000\040\000R\000e\000f\000e\000r\000e\000n\000c\000e}{chapter.3}
\BOOKMARK [1][-]{section.3.3}{\376\377\000S\000t\000r\000i\000n\000g\000\040\000C\000l\000a\000s\000s\000\040\000R\000e\000f\000e\000r\000e\000n\000c\000e}{chapter.3}
\BOOKMARK [2][-]{subsection.3.3.1}{\376\377\000M\000e\000m\000b\000e\000r\000\040\000F\000u\000n\000c\000t\000i\000o\000n\000\040\000D\000o\000c\000u\000m\000e\000n\000t\000a\000t\000i\000o\000n}{section.3.3}
\BOOKMARK [3][-]{subsubsection.3.3.1.1}{\376\377\000b\000y\000t\000e\000s}{subsection.3.3.1}
\BOOKMARK [3][-]{subsubsection.3.3.1.2}{\376\377\000c\000o\000n\000t\000a\000i\000n\000s}{subsection.3.3.1}
\BOOKMARK [3][-]{subsubsection.3.3.1.3}{\376\377\000e\000n\000d\000s\000W\000i\000t\000h}{subsection.3.3.1}
\BOOKMARK [3][-]{subsubsection.3.3.1.4}{\376\377\000i\000n\000d\000e\000x\000O\000f}{subsection.3.3.1}
\BOOKMARK [3][-]{subsubsection.3.3.1.5}{\376\377\000i\000n\000d\000e\000x\000O\000f\000A\000n\000y}{subsection.3.3.1}
\BOOKMARK [3][-]{subsubsection.3.3.1.6}{\376\377\000i\000n\000s\000e\000r\000t}{subsection.3.3.1}
\BOOKMARK [3][-]{subsubsection.3.3.1.7}{\376\377\000l\000a\000s\000t\000I\000n\000d\000e\000x\000O\000f}{subsection.3.3.1}
\BOOKMARK [3][-]{subsubsection.3.3.1.8}{\376\377\000l\000a\000s\000t\000I\000n\000d\000e\000x\000O\000f\000A\000n\000y}{subsection.3.3.1}
\BOOKMARK [3][-]{subsubsection.3.3.1.9}{\376\377\000l\000e\000n}{subsection.3.3.1}
\BOOKMARK [3][-]{subsubsection.3.3.1.10}{\376\377\000l\000o\000w\000e\000r}{subsection.3.3.1}
\BOOKMARK [3][-]{subsubsection.3.3.1.11}{\376\377\000p\000a\000d}{subsection.3.3.1}
\BOOKMARK [3][-]{subsubsection.3.3.1.12}{\376\377\000p\000a\000d\000L\000e\000f\000t}{subsection.3.3.1}
\BOOKMARK [3][-]{subsubsection.3.3.1.13}{\376\377\000p\000a\000d\000R\000i\000g\000h\000t}{subsection.3.3.1}
\BOOKMARK [3][-]{subsubsection.3.3.1.14}{\376\377\000r\000e\000p\000l\000a\000c\000e}{subsection.3.3.1}
\BOOKMARK [3][-]{subsubsection.3.3.1.15}{\376\377\000r\000e\000v}{subsection.3.3.1}
\BOOKMARK [3][-]{subsubsection.3.3.1.16}{\376\377\000s\000t\000a\000r\000t\000s\000W\000i\000t\000h}{subsection.3.3.1}
\BOOKMARK [3][-]{subsubsection.3.3.1.17}{\376\377\000s\000u\000b}{subsection.3.3.1}
\BOOKMARK [3][-]{subsubsection.3.3.1.18}{\376\377\000t\000o\000A\000r\000r\000a\000y}{subsection.3.3.1}
\BOOKMARK [3][-]{subsubsection.3.3.1.19}{\376\377\000t\000o\000S\000t\000r\000i\000n\000g}{subsection.3.3.1}
\BOOKMARK [3][-]{subsubsection.3.3.1.20}{\376\377\000t\000r\000i\000m}{subsection.3.3.1}
\BOOKMARK [3][-]{subsubsection.3.3.1.21}{\376\377\000t\000r\000i\000m\000E\000n\000d}{subsection.3.3.1}
\BOOKMARK [3][-]{subsubsection.3.3.1.22}{\376\377\000t\000r\000i\000m\000S\000t\000a\000r\000t}{subsection.3.3.1}
\BOOKMARK [3][-]{subsubsection.3.3.1.23}{\376\377\000u\000p\000p\000e\000r}{subsection.3.3.1}
